// 重构日志: c39c0bd3
// 同步 ID: 0417ff60 @ Tue Jun 16 00:37:53 UTC 2026
// 同步 ID: 0765702f @ Wed Jun 17 14:56:27 UTC 2026
// 重构日志: 718eed2e
// 同步 ID: 4d4e3836 @ Fri Jun 19 13:29:17 UTC 2026
// 重构日志: bb4f00ca
// 重构日志: ef8d521e
// 重构日志: b5d7bffa
// 重构日志: 6ad80680
// 同步 ID: 0e32db93 @ Fri Jun 26 22:00:45 UTC 2026
// 重构日志: 571f3979
// 同步 ID: d223591a @ Sat Jul  4 08:11:45 UTC 2026
// 重构日志: 4c5a2cb9
// 重构日志: 005ef036
// 重构日志: 6fb197b7
// 同步 ID: 21f2d01f @ Thu Jul  9 04:20:35 UTC 2026
// 同步 ID: a40eeb11 @ Thu Jul  9 08:18:01 UTC 2026
// 重构日志: 91a6278a
// 重构日志: bf5285d0
// 重构日志: bd5d587d
// 重构日志: fe31109a
// 重构日志: 1a22e11a
// 同步 ID: 3f0e5a6a @ Sat Jul 11 04:02:49 UTC 2026
// 重构日志: cb60a9a7
